c:\users\kevin\dev\falton\release\vc141.pdb
c:\users\kevin\dev\falton\release\phyvis_window.nativecodeanalysis.xml
c:\users\kevin\dev\falton\release\gl3w.nativecodeanalysis.xml
c:\users\kevin\dev\falton\release\gl3w.obj
c:\users\kevin\dev\falton\release\phyvis_window.obj
c:\users\kevin\dev\falton\release\ftmasscomputer.nativecodeanalysis.xml
c:\users\kevin\dev\falton\release\ftjointsolver.nativecodeanalysis.xml
c:\users\kevin\dev\falton\release\ftjoint.nativecodeanalysis.xml
c:\users\kevin\dev\falton\release\ftislandsystem.nativecodeanalysis.xml
c:\users\kevin\dev\falton\release\ftconstraintsolver.nativecodeanalysis.xml
c:\users\kevin\dev\falton\release\ftbody.nativecodeanalysis.xml
c:\users\kevin\dev\falton\release\ftrhhashtable.nativecodeanalysis.xml
c:\users\kevin\dev\falton\release\ftintqueue.nativecodeanalysis.xml
c:\users\kevin\dev\falton\release\ftbitset.nativecodeanalysis.xml
c:\users\kevin\dev\falton\release\ftmanifoldcomputer.nativecodeanalysis.xml
c:\users\kevin\dev\falton\release\ftcontact.nativecodeanalysis.xml
c:\users\kevin\dev\falton\release\ftcollisionsystem.nativecodeanalysis.xml
c:\users\kevin\dev\falton\release\fttoroidalgrid.nativecodeanalysis.xml
c:\users\kevin\dev\falton\release\ftquadtree.nativecodeanalysis.xml
c:\users\kevin\dev\falton\release\ftnsquaredbroadphase.nativecodeanalysis.xml
c:\users\kevin\dev\falton\release\fthierarchicalgrid.nativecodeanalysis.xml
c:\users\kevin\dev\falton\release\ftdynamicbvh.nativecodeanalysis.xml
c:\users\kevin\dev\falton\release\imgui_draw.nativecodeanalysis.xml
c:\users\kevin\dev\falton\release\imgui_demo.nativecodeanalysis.xml
c:\users\kevin\dev\falton\release\imgui.nativecodeanalysis.xml
c:\users\kevin\dev\falton\release\imgui.obj
c:\users\kevin\dev\falton\release\imgui_demo.obj
c:\users\kevin\dev\falton\release\imgui_draw.obj
c:\users\kevin\dev\falton\release\ftdynamicbvh.obj
c:\users\kevin\dev\falton\release\fthierarchicalgrid.obj
c:\users\kevin\dev\falton\release\ftnsquaredbroadphase.obj
c:\users\kevin\dev\falton\release\ftquadtree.obj
c:\users\kevin\dev\falton\release\fttoroidalgrid.obj
c:\users\kevin\dev\falton\release\ftcollisionsystem.obj
c:\users\kevin\dev\falton\release\ftcontact.obj
c:\users\kevin\dev\falton\release\ftmanifoldcomputer.obj
c:\users\kevin\dev\falton\release\ftbitset.obj
c:\users\kevin\dev\falton\release\ftintqueue.obj
c:\users\kevin\dev\falton\release\ftrhhashtable.obj
c:\users\kevin\dev\falton\release\ftbody.obj
c:\users\kevin\dev\falton\release\ftconstraintsolver.obj
c:\users\kevin\dev\falton\release\ftislandsystem.obj
c:\users\kevin\dev\falton\release\ftjoint.obj
c:\users\kevin\dev\falton\release\ftjointsolver.obj
c:\users\kevin\dev\falton\release\ftmasscomputer.obj
c:\users\kevin\dev\falton\release\phyvis_render.nativecodeanalysis.xml
c:\users\kevin\dev\falton\release\phyvis_entity.nativecodeanalysis.xml
c:\users\kevin\dev\falton\release\phyvis.nativecodeanalysis.xml
c:\users\kevin\dev\falton\release\main.nativecodeanalysis.xml
c:\users\kevin\dev\falton\release\imgui_impl_glfw_gl3.nativecodeanalysis.xml
c:\users\kevin\dev\falton\release\unity.nativecodeanalysis.xml
c:\users\kevin\dev\falton\release\ftshapebuffer.nativecodeanalysis.xml
c:\users\kevin\dev\falton\release\ftpolygon.nativecodeanalysis.xml
c:\users\kevin\dev\falton\release\ftcircle.nativecodeanalysis.xml
c:\users\kevin\dev\falton\release\ftphysicssystem.nativecodeanalysis.xml
c:\users\kevin\dev\falton\release\ftphysicssystem.obj
c:\users\kevin\dev\falton\release\ftcircle.obj
c:\users\kevin\dev\falton\release\ftpolygon.obj
c:\users\kevin\dev\falton\release\ftshapebuffer.obj
c:\users\kevin\dev\falton\release\unity.obj
c:\users\kevin\dev\falton\release\imgui_impl_glfw_gl3.obj
c:\users\kevin\dev\falton\release\main.obj
c:\users\kevin\dev\falton\release\phyvis.obj
c:\users\kevin\dev\falton\release\phyvis_entity.obj
c:\users\kevin\dev\falton\release\phyvis_render.obj
c:\users\kevin\dev\falton\release\drif.pdb
c:\users\kevin\dev\falton\release\drif.tlog\cl.command.1.tlog
c:\users\kevin\dev\falton\release\drif.tlog\cl.read.1.tlog
c:\users\kevin\dev\falton\release\drif.tlog\cl.write.1.tlog
c:\users\kevin\dev\falton\release\drif.tlog\link-cvtres.read.1.tlog
c:\users\kevin\dev\falton\release\drif.tlog\link-cvtres.write.1.tlog
c:\users\kevin\dev\falton\release\drif.tlog\link-rc.read.1.tlog
c:\users\kevin\dev\falton\release\drif.tlog\link-rc.write.1.tlog
c:\users\kevin\dev\falton\release\drif.tlog\link.command.1.tlog
c:\users\kevin\dev\falton\release\drif.tlog\link.read.1.tlog
c:\users\kevin\dev\falton\release\drif.tlog\link.write.1.tlog
